<?xml version="1.0" encoding="UTF-8"?>
<coverage generated="1699032159338" clover="3.2.0">
  <project timestamp="1699032159339" name="All files">
    <metrics statements="3" coveredstatements="2" conditionals="0" coveredconditionals="0" methods="3" coveredmethods="1" elements="6" coveredelements="3" complexity="0" loc="3" ncloc="3" packages="1" files="2" classes="2"/>
    <file name="App.tsx" path="/Users/iphoneblack/Desktop/IT studying/lynda learning/react-e2e-cypress/src/App.tsx">
      <metrics statements="3" coveredstatements="2" conditionals="0" coveredconditionals="0" methods="3" coveredmethods="1"/>
      <line num="7" count="4" type="stmt"/>
      <line num="9" count="4" type="stmt"/>
      <line num="21" count="0" type="stmt"/>
    </file>
    <file name="main.tsx" path="/Users/iphoneblack/Desktop/IT studying/lynda learning/react-e2e-cypress/src/main.tsx">
      <metrics statements="0" coveredstatements="0" conditionals="0" coveredconditionals="0" methods="0" coveredmethods="0"/>
    </file>
  </project>
</coverage>
