<?xml version="1.0" encoding="UTF-8"?>
<coverage generated="1699135306241" clover="3.2.0">
  <project timestamp="1699135306241" name="All files">
    <metrics statements="77" coveredstatements="46" conditionals="20" coveredconditionals="18" methods="25" coveredmethods="6" elements="122" coveredelements="70" complexity="0" loc="77" ncloc="77" packages="2" files="8" classes="8"/>
    <package name="src">
      <metrics statements="0" coveredstatements="0" conditionals="0" coveredconditionals="0" methods="0" coveredmethods="0"/>
      <file name="App.tsx" path="/Users/iphoneblack/Desktop/IT studying/lynda learning/react-e2e-cypress/src/App.tsx">
        <metrics statements="0" coveredstatements="0" conditionals="0" coveredconditionals="0" methods="0" coveredmethods="0"/>
      </file>
      <file name="main.tsx" path="/Users/iphoneblack/Desktop/IT studying/lynda learning/react-e2e-cypress/src/main.tsx">
        <metrics statements="0" coveredstatements="0" conditionals="0" coveredconditionals="0" methods="0" coveredmethods="0"/>
      </file>
    </package>
    <package name="src.pages">
      <metrics statements="77" coveredstatements="46" conditionals="20" coveredconditionals="18" methods="25" coveredmethods="6"/>
      <file name="Example1Page.tsx" path="/Users/iphoneblack/Desktop/IT studying/lynda learning/react-e2e-cypress/src/pages/Example1Page.tsx">
        <metrics statements="6" coveredstatements="5" conditionals="3" coveredconditionals="3" methods="2" coveredmethods="1"/>
        <line num="1" count="18" type="cond" truecount="3" falsecount="0"/>
        <line num="3" count="2" type="stmt"/>
        <line num="11" count="2" type="stmt"/>
        <line num="13" count="4" type="stmt"/>
        <line num="14" count="0" type="stmt"/>
        <line num="17" count="2" type="stmt"/>
      </file>
      <file name="Example2Page.tsx" path="/Users/iphoneblack/Desktop/IT studying/lynda learning/react-e2e-cypress/src/pages/Example2Page.tsx">
        <metrics statements="13" coveredstatements="9" conditionals="3" coveredconditionals="3" methods="3" coveredmethods="1"/>
        <line num="1" count="24" type="cond" truecount="3" falsecount="0"/>
        <line num="4" count="2" type="stmt"/>
        <line num="10" count="2" type="stmt"/>
        <line num="12" count="2" type="stmt"/>
        <line num="23" count="2" type="stmt"/>
        <line num="25" count="2" type="stmt"/>
        <line num="32" count="2" type="stmt"/>
        <line num="34" count="8" type="stmt"/>
        <line num="35" count="0" type="stmt"/>
        <line num="36" count="0" type="stmt"/>
        <line num="38" count="0" type="stmt"/>
        <line num="44" count="0" type="stmt"/>
        <line num="60" count="2" type="stmt"/>
      </file>
      <file name="Example3Page.tsx" path="/Users/iphoneblack/Desktop/IT studying/lynda learning/react-e2e-cypress/src/pages/Example3Page.tsx">
        <metrics statements="15" coveredstatements="9" conditionals="3" coveredconditionals="3" methods="4" coveredmethods="1"/>
        <line num="1" count="24" type="cond" truecount="3" falsecount="0"/>
        <line num="4" count="2" type="stmt"/>
        <line num="10" count="2" type="stmt"/>
        <line num="12" count="2" type="stmt"/>
        <line num="23" count="2" type="stmt"/>
        <line num="25" count="2" type="stmt"/>
        <line num="32" count="2" type="stmt"/>
        <line num="34" count="8" type="stmt"/>
        <line num="35" count="0" type="stmt"/>
        <line num="36" count="0" type="stmt"/>
        <line num="37" count="0" type="stmt"/>
        <line num="39" count="0" type="stmt"/>
        <line num="45" count="0" type="stmt"/>
        <line num="61" count="0" type="stmt"/>
        <line num="77" count="2" type="stmt"/>
      </file>
      <file name="Example4Page.tsx" path="/Users/iphoneblack/Desktop/IT studying/lynda learning/react-e2e-cypress/src/pages/Example4Page.tsx">
        <metrics statements="30" coveredstatements="11" conditionals="5" coveredconditionals="3" methods="13" coveredmethods="1"/>
        <line num="1" count="26" type="cond" truecount="3" falsecount="0"/>
        <line num="4" count="2" type="stmt"/>
        <line num="11" count="2" type="stmt"/>
        <line num="13" count="2" type="stmt"/>
        <line num="23" count="2" type="stmt"/>
        <line num="25" count="2" type="stmt"/>
        <line num="28" count="2" type="stmt"/>
        <line num="30" count="2" type="stmt"/>
        <line num="36" count="0" type="cond" truecount="0" falsecount="2"/>
        <line num="37" count="2" type="stmt"/>
        <line num="39" count="10" type="stmt"/>
        <line num="40" count="0" type="stmt"/>
        <line num="41" count="0" type="stmt"/>
        <line num="42" count="0" type="stmt"/>
        <line num="50" count="0" type="stmt"/>
        <line num="51" count="0" type="stmt"/>
        <line num="53" count="0" type="stmt"/>
        <line num="55" count="0" type="stmt"/>
        <line num="56" count="0" type="stmt"/>
        <line num="59" count="0" type="stmt"/>
        <line num="70" count="0" type="stmt"/>
        <line num="73" count="0" type="stmt"/>
        <line num="74" count="0" type="stmt"/>
        <line num="91" count="0" type="stmt"/>
        <line num="96" count="0" type="stmt"/>
        <line num="116" count="0" type="stmt"/>
        <line num="119" count="0" type="stmt"/>
        <line num="133" count="0" type="stmt"/>
        <line num="135" count="0" type="stmt"/>
        <line num="145" count="2" type="stmt"/>
      </file>
      <file name="HomePage.tsx" path="/Users/iphoneblack/Desktop/IT studying/lynda learning/react-e2e-cypress/src/pages/HomePage.tsx">
        <metrics statements="10" coveredstatements="9" conditionals="3" coveredconditionals="3" methods="2" coveredmethods="1"/>
        <line num="1" count="22" type="cond" truecount="3" falsecount="0"/>
        <line num="4" count="2" type="stmt"/>
        <line num="6" count="2" type="stmt"/>
        <line num="8" count="2" type="stmt"/>
        <line num="12" count="2" type="stmt"/>
        <line num="14" count="2" type="stmt"/>
        <line num="21" count="2" type="stmt"/>
        <line num="23" count="8" type="stmt"/>
        <line num="24" count="0" type="stmt"/>
        <line num="38" count="2" type="stmt"/>
      </file>
      <file name="NotFoundPage.tsx" path="/Users/iphoneblack/Desktop/IT studying/lynda learning/react-e2e-cypress/src/pages/NotFoundPage.tsx">
        <metrics statements="3" coveredstatements="3" conditionals="3" coveredconditionals="3" methods="1" coveredmethods="1"/>
        <line num="1" count="16" type="cond" truecount="3" falsecount="0"/>
        <line num="2" count="2" type="stmt"/>
        <line num="3" count="2" type="stmt"/>
      </file>
    </package>
  </project>
</coverage>
