{"/Users/iphoneblack/Desktop/IT studying/lynda learning/react-e2e-cypress/src/App.tsx": {"path":"/Users/iphoneblack/Desktop/IT studying/lynda learning/react-e2e-cypress/src/App.tsx","statementMap":{},"fnMap":{},"branchMap":{},"s":{},"f":{},"b":{}}
,"/Users/iphoneblack/Desktop/IT studying/lynda learning/react-e2e-cypress/src/main.tsx": {"path":"/Users/iphoneblack/Desktop/IT studying/lynda learning/react-e2e-cypress/src/main.tsx","statementMap":{},"fnMap":{},"branchMap":{},"s":{},"f":{},"b":{}}
,"/Users/iphoneblack/Desktop/IT studying/lynda learning/react-e2e-cypress/src/pages/Example1Page.tsx": {"path":"/Users/iphoneblack/Desktop/IT studying/lynda learning/react-e2e-cypress/src/pages/Example1Page.tsx","statementMap":{"0":{"start":{"line":1,"column":38},"end":{"line":1,"column":null}},"1":{"start":{"line":3,"column":16},"end":{"line":3,"column":null}},"2":{"start":{"line":11,"column":2},"end":{"line":3,"column":16}},"3":{"start":{"line":13,"column":28},"end":{"line":16,"column":null}},"4":{"start":{"line":14,"column":2},"end":{"line":16,"column":null}},"5":{"start":{"line":17,"column":2},"end":{"line":13,"column":25}},"6":{"start":{"line":13,"column":25},"end":{"line":13,"column":28}}},"fnMap":{"0":{"name":"(anonymous_0)","decl":{"start":{"line":1,"column":38},"end":{"line":1,"column":null}},"loc":{"start":{"line":1,"column":38},"end":{"line":1,"column":null}}},"1":{"name":"(anonymous_1)","decl":{"start":{"line":13,"column":28},"end":{"line":13,"column":null}},"loc":{"start":{"line":14,"column":2},"end":{"line":16,"column":null}}}},"branchMap":{"0":{"loc":{"start":{"line":1,"column":38},"end":{"line":1,"column":null}},"type":"binary-expr","locations":[{"start":{"line":1,"column":38},"end":{"line":1,"column":null}},{"start":{"line":1,"column":38},"end":{"line":1,"column":null}}]},"1":{"loc":{"start":{"line":1,"column":38},"end":{"line":1,"column":null}},"type":"if","locations":[{"start":{"line":1,"column":38},"end":{"line":1,"column":null}}]}},"s":{"0":18,"1":2,"2":2,"3":2,"4":0,"5":2,"6":4},"f":{"0":4,"1":0},"b":{"0":[4,2],"1":[2]}}
,"/Users/iphoneblack/Desktop/IT studying/lynda learning/react-e2e-cypress/src/pages/Example2Page.tsx": {"path":"/Users/iphoneblack/Desktop/IT studying/lynda learning/react-e2e-cypress/src/pages/Example2Page.tsx","statementMap":{"0":{"start":{"line":1,"column":38},"end":{"line":1,"column":null}},"1":{"start":{"line":4,"column":16},"end":{"line":4,"column":null}},"2":{"start":{"line":10,"column":2},"end":{"line":4,"column":16}},"3":{"start":{"line":12,"column":12},"end":{"line":12,"column":null}},"4":{"start":{"line":23,"column":2},"end":{"line":12,"column":12}},"5":{"start":{"line":25,"column":14},"end":{"line":25,"column":null}},"6":{"start":{"line":32,"column":2},"end":{"line":25,"column":14}},"7":{"start":{"line":34,"column":28},"end":{"line":60,"column":2}},"8":{"start":{"line":34,"column":34},"end":{"line":34,"column":null}},"9":{"start":{"line":35,"column":21},"end":{"line":35,"column":null}},"10":{"start":{"line":36,"column":38},"end":{"line":36,"column":null}},"11":{"start":{"line":38,"column":2},"end":{"line":58,"column":null}},"12":{"start":{"line":44,"column":27},"end":{"line":44,"column":null}},"13":{"start":{"line":60,"column":2},"end":{"line":34,"column":28}},"14":{"start":{"line":34,"column":25},"end":{"line":null,"column":-1}},"15":{"start":{"line":34,"column":25},"end":{"line":34,"column":28}}},"fnMap":{"0":{"name":"(anonymous_0)","decl":{"start":{"line":1,"column":38},"end":{"line":1,"column":null}},"loc":{"start":{"line":1,"column":38},"end":{"line":1,"column":null}}},"1":{"name":"(anonymous_1)","decl":{"start":{"line":34,"column":28},"end":{"line":34,"column":34}},"loc":{"start":{"line":34,"column":34},"end":{"line":60,"column":2}}},"2":{"name":"(anonymous_2)","decl":{"start":{"line":44,"column":20},"end":{"line":44,"column":21}},"loc":{"start":{"line":44,"column":27},"end":{"line":44,"column":null}}}},"branchMap":{"0":{"loc":{"start":{"line":1,"column":38},"end":{"line":1,"column":null}},"type":"binary-expr","locations":[{"start":{"line":1,"column":38},"end":{"line":1,"column":null}},{"start":{"line":1,"column":38},"end":{"line":1,"column":null}}]},"1":{"loc":{"start":{"line":1,"column":38},"end":{"line":1,"column":null}},"type":"if","locations":[{"start":{"line":1,"column":38},"end":{"line":1,"column":null}}]}},"s":{"0":24,"1":2,"2":2,"3":2,"4":2,"5":2,"6":2,"7":2,"8":0,"9":0,"10":0,"11":0,"12":0,"13":2,"14":2,"15":8},"f":{"0":8,"1":0,"2":0},"b":{"0":[4,2],"1":[2]}}
,"/Users/iphoneblack/Desktop/IT studying/lynda learning/react-e2e-cypress/src/pages/Example3Page.tsx": {"path":"/Users/iphoneblack/Desktop/IT studying/lynda learning/react-e2e-cypress/src/pages/Example3Page.tsx","statementMap":{"0":{"start":{"line":1,"column":38},"end":{"line":1,"column":null}},"1":{"start":{"line":4,"column":16},"end":{"line":4,"column":null}},"2":{"start":{"line":10,"column":2},"end":{"line":4,"column":16}},"3":{"start":{"line":12,"column":12},"end":{"line":12,"column":null}},"4":{"start":{"line":23,"column":2},"end":{"line":12,"column":12}},"5":{"start":{"line":25,"column":14},"end":{"line":25,"column":null}},"6":{"start":{"line":32,"column":2},"end":{"line":25,"column":14}},"7":{"start":{"line":34,"column":28},"end":{"line":77,"column":2}},"8":{"start":{"line":34,"column":34},"end":{"line":34,"column":null}},"9":{"start":{"line":35,"column":21},"end":{"line":35,"column":null}},"10":{"start":{"line":36,"column":56},"end":{"line":36,"column":null}},"11":{"start":{"line":37,"column":54},"end":{"line":37,"column":null}},"12":{"start":{"line":39,"column":2},"end":{"line":75,"column":null}},"13":{"start":{"line":45,"column":27},"end":{"line":45,"column":null}},"14":{"start":{"line":61,"column":27},"end":{"line":61,"column":null}},"15":{"start":{"line":77,"column":2},"end":{"line":34,"column":28}},"16":{"start":{"line":34,"column":25},"end":{"line":null,"column":-1}},"17":{"start":{"line":34,"column":25},"end":{"line":34,"column":28}}},"fnMap":{"0":{"name":"(anonymous_0)","decl":{"start":{"line":1,"column":38},"end":{"line":1,"column":null}},"loc":{"start":{"line":1,"column":38},"end":{"line":1,"column":null}}},"1":{"name":"(anonymous_1)","decl":{"start":{"line":34,"column":28},"end":{"line":34,"column":34}},"loc":{"start":{"line":34,"column":34},"end":{"line":77,"column":2}}},"2":{"name":"(anonymous_2)","decl":{"start":{"line":45,"column":20},"end":{"line":45,"column":21}},"loc":{"start":{"line":45,"column":27},"end":{"line":45,"column":null}}},"3":{"name":"(anonymous_3)","decl":{"start":{"line":61,"column":20},"end":{"line":61,"column":21}},"loc":{"start":{"line":61,"column":27},"end":{"line":61,"column":null}}}},"branchMap":{"0":{"loc":{"start":{"line":1,"column":38},"end":{"line":1,"column":null}},"type":"binary-expr","locations":[{"start":{"line":1,"column":38},"end":{"line":1,"column":null}},{"start":{"line":1,"column":38},"end":{"line":1,"column":null}}]},"1":{"loc":{"start":{"line":1,"column":38},"end":{"line":1,"column":null}},"type":"if","locations":[{"start":{"line":1,"column":38},"end":{"line":1,"column":null}}]}},"s":{"0":24,"1":2,"2":2,"3":2,"4":2,"5":2,"6":2,"7":2,"8":0,"9":0,"10":0,"11":0,"12":0,"13":0,"14":0,"15":2,"16":2,"17":8},"f":{"0":8,"1":0,"2":0,"3":0},"b":{"0":[4,2],"1":[2]}}
,"/Users/iphoneblack/Desktop/IT studying/lynda learning/react-e2e-cypress/src/pages/Example4Page.tsx": {"path":"/Users/iphoneblack/Desktop/IT studying/lynda learning/react-e2e-cypress/src/pages/Example4Page.tsx","statementMap":{"0":{"start":{"line":1,"column":38},"end":{"line":1,"column":null}},"1":{"start":{"line":4,"column":16},"end":{"line":4,"column":null}},"2":{"start":{"line":11,"column":2},"end":{"line":4,"column":16}},"3":{"start":{"line":13,"column":12},"end":{"line":13,"column":null}},"4":{"start":{"line":23,"column":2},"end":{"line":13,"column":12}},"5":{"start":{"line":25,"column":16},"end":{"line":25,"column":null}},"6":{"start":{"line":28,"column":2},"end":{"line":25,"column":16}},"7":{"start":{"line":30,"column":17},"end":{"line":36,"column":null}},"8":{"start":{"line":36,"column":4},"end":{"line":36,"column":46}},"9":{"start":{"line":37,"column":2},"end":{"line":30,"column":17}},"10":{"start":{"line":39,"column":28},"end":{"line":145,"column":2}},"11":{"start":{"line":39,"column":34},"end":{"line":39,"column":null}},"12":{"start":{"line":40,"column":52},"end":{"line":40,"column":null}},"13":{"start":{"line":41,"column":48},"end":{"line":41,"column":null}},"14":{"start":{"line":42,"column":54},"end":{"line":48,"column":null}},"15":{"start":{"line":50,"column":4},"end":{"line":50,"column":null}},"16":{"start":{"line":51,"column":40},"end":{"line":51,"column":null}},"17":{"start":{"line":53,"column":16},"end":{"line":53,"column":null}},"18":{"start":{"line":55,"column":24},"end":{"line":57,"column":null}},"19":{"start":{"line":56,"column":11},"end":{"line":56,"column":null}},"20":{"start":{"line":59,"column":2},"end":{"line":143,"column":null}},"21":{"start":{"line":70,"column":12},"end":{"line":78,"column":null}},"22":{"start":{"line":73,"column":29},"end":{"line":73,"column":null}},"23":{"start":{"line":74,"column":35},"end":{"line":74,"column":null}},"24":{"start":{"line":91,"column":14},"end":{"line":103,"column":null}},"25":{"start":{"line":96,"column":20},"end":{"line":99,"column":null}},"26":{"start":{"line":116,"column":27},"end":{"line":116,"column":null}},"27":{"start":{"line":119,"column":12},"end":{"line":121,"column":null}},"28":{"start":{"line":133,"column":12},"end":{"line":139,"column":null}},"29":{"start":{"line":135,"column":33},"end":{"line":135,"column":null}},"30":{"start":{"line":145,"column":2},"end":{"line":39,"column":28}},"31":{"start":{"line":39,"column":25},"end":{"line":null,"column":-1}},"32":{"start":{"line":39,"column":25},"end":{"line":39,"column":28}}},"fnMap":{"0":{"name":"(anonymous_0)","decl":{"start":{"line":1,"column":38},"end":{"line":1,"column":null}},"loc":{"start":{"line":1,"column":38},"end":{"line":1,"column":null}}},"1":{"name":"(anonymous_1)","decl":{"start":{"line":35,"column":4},"end":{"line":35,"column":5}},"loc":{"start":{"line":36,"column":4},"end":{"line":36,"column":46}}},"2":{"name":"(anonymous_2)","decl":{"start":{"line":39,"column":28},"end":{"line":39,"column":34}},"loc":{"start":{"line":39,"column":34},"end":{"line":145,"column":2}}},"3":{"name":"(anonymous_3)","decl":{"start":{"line":56,"column":4},"end":{"line":56,"column":5}},"loc":{"start":{"line":56,"column":11},"end":{"line":56,"column":null}}},"4":{"name":"(anonymous_4)","decl":{"start":{"line":69,"column":21},"end":{"line":69,"column":22}},"loc":{"start":{"line":70,"column":12},"end":{"line":78,"column":null}}},"5":{"name":"(anonymous_5)","decl":{"start":{"line":73,"column":23},"end":{"line":73,"column":29}},"loc":{"start":{"line":73,"column":29},"end":{"line":73,"column":null}}},"6":{"name":"(anonymous_6)","decl":{"start":{"line":74,"column":29},"end":{"line":74,"column":35}},"loc":{"start":{"line":74,"column":35},"end":{"line":74,"column":null}}},"7":{"name":"(anonymous_7)","decl":{"start":{"line":90,"column":23},"end":{"line":90,"column":24}},"loc":{"start":{"line":91,"column":14},"end":{"line":103,"column":null}}},"8":{"name":"(anonymous_8)","decl":{"start":{"line":95,"column":28},"end":{"line":95,"column":null}},"loc":{"start":{"line":96,"column":20},"end":{"line":99,"column":null}}},"9":{"name":"(anonymous_9)","decl":{"start":{"line":116,"column":20},"end":{"line":116,"column":21}},"loc":{"start":{"line":116,"column":27},"end":{"line":116,"column":null}}},"10":{"name":"(anonymous_10)","decl":{"start":{"line":118,"column":21},"end":{"line":118,"column":22}},"loc":{"start":{"line":119,"column":12},"end":{"line":121,"column":null}}},"11":{"name":"(anonymous_11)","decl":{"start":{"line":132,"column":21},"end":{"line":132,"column":22}},"loc":{"start":{"line":133,"column":12},"end":{"line":139,"column":null}}},"12":{"name":"(anonymous_12)","decl":{"start":{"line":135,"column":27},"end":{"line":135,"column":33}},"loc":{"start":{"line":135,"column":33},"end":{"line":135,"column":null}}}},"branchMap":{"0":{"loc":{"start":{"line":1,"column":38},"end":{"line":1,"column":null}},"type":"binary-expr","locations":[{"start":{"line":1,"column":38},"end":{"line":1,"column":null}},{"start":{"line":1,"column":38},"end":{"line":1,"column":null}}]},"1":{"loc":{"start":{"line":1,"column":38},"end":{"line":1,"column":null}},"type":"if","locations":[{"start":{"line":1,"column":38},"end":{"line":1,"column":null}}]},"2":{"loc":{"start":{"line":36,"column":4},"end":{"line":36,"column":46}},"type":"cond-expr","locations":[{"start":{"line":36,"column":15},"end":{"line":36,"column":43}},{"start":{"line":36,"column":43},"end":{"line":36,"column":46}}]}},"s":{"0":26,"1":2,"2":2,"3":2,"4":2,"5":2,"6":2,"7":2,"8":0,"9":2,"10":2,"11":0,"12":0,"13":0,"14":0,"15":0,"16":0,"17":0,"18":0,"19":0,"20":0,"21":0,"22":0,"23":0,"24":0,"25":0,"26":0,"27":0,"28":0,"29":0,"30":2,"31":2,"32":10},"f":{"0":10,"1":0,"2":0,"3":0,"4":0,"5":0,"6":0,"7":0,"8":0,"9":0,"10":0,"11":0,"12":0},"b":{"0":[4,2],"1":[2],"2":[0,0]}}
,"/Users/iphoneblack/Desktop/IT studying/lynda learning/react-e2e-cypress/src/pages/HomePage.tsx": {"path":"/Users/iphoneblack/Desktop/IT studying/lynda learning/react-e2e-cypress/src/pages/HomePage.tsx","statementMap":{"0":{"start":{"line":1,"column":51},"end":{"line":1,"column":null}},"1":{"start":{"line":4,"column":16},"end":{"line":4,"column":null}},"2":{"start":{"line":6,"column":2},"end":{"line":4,"column":16}},"3":{"start":{"line":8,"column":13},"end":{"line":8,"column":null}},"4":{"start":{"line":12,"column":2},"end":{"line":8,"column":13}},"5":{"start":{"line":14,"column":14},"end":{"line":14,"column":null}},"6":{"start":{"line":21,"column":2},"end":{"line":14,"column":14}},"7":{"start":{"line":23,"column":24},"end":{"line":37,"column":null}},"8":{"start":{"line":24,"column":2},"end":{"line":37,"column":null}},"9":{"start":{"line":38,"column":2},"end":{"line":23,"column":21}},"10":{"start":{"line":23,"column":21},"end":{"line":23,"column":24}}},"fnMap":{"0":{"name":"(anonymous_0)","decl":{"start":{"line":1,"column":51},"end":{"line":1,"column":null}},"loc":{"start":{"line":1,"column":51},"end":{"line":1,"column":null}}},"1":{"name":"(anonymous_1)","decl":{"start":{"line":23,"column":24},"end":{"line":23,"column":null}},"loc":{"start":{"line":24,"column":2},"end":{"line":37,"column":null}}}},"branchMap":{"0":{"loc":{"start":{"line":1,"column":51},"end":{"line":1,"column":null}},"type":"binary-expr","locations":[{"start":{"line":1,"column":51},"end":{"line":1,"column":null}},{"start":{"line":1,"column":51},"end":{"line":1,"column":null}}]},"1":{"loc":{"start":{"line":1,"column":51},"end":{"line":1,"column":null}},"type":"if","locations":[{"start":{"line":1,"column":51},"end":{"line":1,"column":null}}]}},"s":{"0":22,"1":2,"2":2,"3":2,"4":2,"5":2,"6":2,"7":2,"8":0,"9":2,"10":8},"f":{"0":8,"1":0},"b":{"0":[4,2],"1":[2]}}
,"/Users/iphoneblack/Desktop/IT studying/lynda learning/react-e2e-cypress/src/pages/NotFoundPage.tsx": {"path":"/Users/iphoneblack/Desktop/IT studying/lynda learning/react-e2e-cypress/src/pages/NotFoundPage.tsx","statementMap":{"0":{"start":{"line":1,"column":28},"end":{"line":1,"column":null}},"1":{"start":{"line":1,"column":28},"end":{"line":2,"column":null}},"2":{"start":{"line":2,"column":2},"end":{"line":2,"column":null}},"3":{"start":{"line":3,"column":2},"end":{"line":1,"column":25}},"4":{"start":{"line":1,"column":25},"end":{"line":1,"column":28}}},"fnMap":{"0":{"name":"(anonymous_0)","decl":{"start":{"line":1,"column":28},"end":{"line":1,"column":null}},"loc":{"start":{"line":1,"column":28},"end":{"line":1,"column":null}}}},"branchMap":{"0":{"loc":{"start":{"line":1,"column":28},"end":{"line":1,"column":null}},"type":"binary-expr","locations":[{"start":{"line":1,"column":28},"end":{"line":1,"column":null}},{"start":{"line":1,"column":28},"end":{"line":1,"column":null}}]},"1":{"loc":{"start":{"line":1,"column":28},"end":{"line":1,"column":null}},"type":"if","locations":[{"start":{"line":1,"column":28},"end":{"line":1,"column":null}}]}},"s":{"0":16,"1":2,"2":2,"3":2,"4":2},"f":{"0":4},"b":{"0":[4,2],"1":[2]}}
}
