{"total": {"lines":{"total":77,"covered":46,"skipped":0,"pct":59.74},"statements":{"total":90,"covered":56,"skipped":0,"pct":62.22},"functions":{"total":25,"covered":6,"skipped":0,"pct":24},"branches":{"total":20,"covered":18,"skipped":0,"pct":90},"branchesTrue":{"total":0,"covered":0,"skipped":0,"pct":100}}
,"/Users/iphoneblack/Desktop/IT studying/lynda learning/react-e2e-cypress/src/App.tsx": {"lines":{"total":0,"covered":0,"skipped":0,"pct":0},"functions":{"total":0,"covered":0,"skipped":0,"pct":0},"statements":{"total":0,"covered":0,"skipped":0,"pct":0},"branches":{"total":0,"covered":0,"skipped":0,"pct":0}}
,"/Users/iphoneblack/Desktop/IT studying/lynda learning/react-e2e-cypress/src/main.tsx": {"lines":{"total":0,"covered":0,"skipped":0,"pct":0},"functions":{"total":0,"covered":0,"skipped":0,"pct":0},"statements":{"total":0,"covered":0,"skipped":0,"pct":0},"branches":{"total":0,"covered":0,"skipped":0,"pct":0}}
,"/Users/iphoneblack/Desktop/IT studying/lynda learning/react-e2e-cypress/src/pages/Example1Page.tsx": {"lines":{"total":6,"covered":5,"skipped":0,"pct":83.33},"functions":{"total":2,"covered":1,"skipped":0,"pct":50},"statements":{"total":7,"covered":6,"skipped":0,"pct":85.71},"branches":{"total":3,"covered":3,"skipped":0,"pct":100}}
,"/Users/iphoneblack/Desktop/IT studying/lynda learning/react-e2e-cypress/src/pages/Example2Page.tsx": {"lines":{"total":13,"covered":9,"skipped":0,"pct":69.23},"functions":{"total":3,"covered":1,"skipped":0,"pct":33.33},"statements":{"total":16,"covered":11,"skipped":0,"pct":68.75},"branches":{"total":3,"covered":3,"skipped":0,"pct":100}}
,"/Users/iphoneblack/Desktop/IT studying/lynda learning/react-e2e-cypress/src/pages/Example3Page.tsx": {"lines":{"total":15,"covered":9,"skipped":0,"pct":60},"functions":{"total":4,"covered":1,"skipped":0,"pct":25},"statements":{"total":18,"covered":11,"skipped":0,"pct":61.11},"branches":{"total":3,"covered":3,"skipped":0,"pct":100}}
,"/Users/iphoneblack/Desktop/IT studying/lynda learning/react-e2e-cypress/src/pages/Example4Page.tsx": {"lines":{"total":30,"covered":11,"skipped":0,"pct":36.66},"functions":{"total":13,"covered":1,"skipped":0,"pct":7.69},"statements":{"total":33,"covered":13,"skipped":0,"pct":39.39},"branches":{"total":5,"covered":3,"skipped":0,"pct":60}}
,"/Users/iphoneblack/Desktop/IT studying/lynda learning/react-e2e-cypress/src/pages/HomePage.tsx": {"lines":{"total":10,"covered":9,"skipped":0,"pct":90},"functions":{"total":2,"covered":1,"skipped":0,"pct":50},"statements":{"total":11,"covered":10,"skipped":0,"pct":90.9},"branches":{"total":3,"covered":3,"skipped":0,"pct":100}}
,"/Users/iphoneblack/Desktop/IT studying/lynda learning/react-e2e-cypress/src/pages/NotFoundPage.tsx": {"lines":{"total":3,"covered":3,"skipped":0,"pct":100},"functions":{"total":1,"covered":1,"skipped":0,"pct":100},"statements":{"total":5,"covered":5,"skipped":0,"pct":100},"branches":{"total":3,"covered":3,"skipped":0,"pct":100}}
}
