TN:
SF:src/App.tsx
FNF:0
FNH:0
LF:0
LH:0
BRF:0
BRH:0
end_of_record
TN:
SF:src/main.tsx
FNF:0
FNH:0
LF:0
LH:0
BRF:0
BRH:0
end_of_record
TN:
SF:src/pages/Example1Page.tsx
FN:1,(anonymous_0)
FN:13,(anonymous_1)
FNF:2
FNH:1
FNDA:4,(anonymous_0)
FNDA:0,(anonymous_1)
DA:1,18
DA:3,2
DA:11,2
DA:13,4
DA:14,0
DA:17,2
LF:6
LH:5
BRDA:1,0,0,4
BRDA:1,0,1,2
BRDA:1,1,0,2
BRF:3
BRH:3
end_of_record
TN:
SF:src/pages/Example2Page.tsx
FN:1,(anonymous_0)
FN:34,(anonymous_1)
FN:44,(anonymous_2)
FNF:3
FNH:1
FNDA:8,(anonymous_0)
FNDA:0,(anonymous_1)
FNDA:0,(anonymous_2)
DA:1,24
DA:4,2
DA:10,2
DA:12,2
DA:23,2
DA:25,2
DA:32,2
DA:34,8
DA:35,0
DA:36,0
DA:38,0
DA:44,0
DA:60,2
LF:13
LH:9
BRDA:1,0,0,4
BRDA:1,0,1,2
BRDA:1,1,0,2
BRF:3
BRH:3
end_of_record
TN:
SF:src/pages/Example3Page.tsx
FN:1,(anonymous_0)
FN:34,(anonymous_1)
FN:45,(anonymous_2)
FN:61,(anonymous_3)
FNF:4
FNH:1
FNDA:8,(anonymous_0)
FNDA:0,(anonymous_1)
FNDA:0,(anonymous_2)
FNDA:0,(anonymous_3)
DA:1,24
DA:4,2
DA:10,2
DA:12,2
DA:23,2
DA:25,2
DA:32,2
DA:34,8
DA:35,0
DA:36,0
DA:37,0
DA:39,0
DA:45,0
DA:61,0
DA:77,2
LF:15
LH:9
BRDA:1,0,0,4
BRDA:1,0,1,2
BRDA:1,1,0,2
BRF:3
BRH:3
end_of_record
TN:
SF:src/pages/Example4Page.tsx
FN:1,(anonymous_0)
FN:35,(anonymous_1)
FN:39,(anonymous_2)
FN:56,(anonymous_3)
FN:69,(anonymous_4)
FN:73,(anonymous_5)
FN:74,(anonymous_6)
FN:90,(anonymous_7)
FN:95,(anonymous_8)
FN:116,(anonymous_9)
FN:118,(anonymous_10)
FN:132,(anonymous_11)
FN:135,(anonymous_12)
FNF:13
FNH:1
FNDA:10,(anonymous_0)
FNDA:0,(anonymous_1)
FNDA:0,(anonymous_2)
FNDA:0,(anonymous_3)
FNDA:0,(anonymous_4)
FNDA:0,(anonymous_5)
FNDA:0,(anonymous_6)
FNDA:0,(anonymous_7)
FNDA:0,(anonymous_8)
FNDA:0,(anonymous_9)
FNDA:0,(anonymous_10)
FNDA:0,(anonymous_11)
FNDA:0,(anonymous_12)
DA:1,26
DA:4,2
DA:11,2
DA:13,2
DA:23,2
DA:25,2
DA:28,2
DA:30,2
DA:36,0
DA:37,2
DA:39,10
DA:40,0
DA:41,0
DA:42,0
DA:50,0
DA:51,0
DA:53,0
DA:55,0
DA:56,0
DA:59,0
DA:70,0
DA:73,0
DA:74,0
DA:91,0
DA:96,0
DA:116,0
DA:119,0
DA:133,0
DA:135,0
DA:145,2
LF:30
LH:11
BRDA:1,0,0,4
BRDA:1,0,1,2
BRDA:1,1,0,2
BRDA:36,2,0,0
BRDA:36,2,1,0
BRF:5
BRH:3
end_of_record
TN:
SF:src/pages/HomePage.tsx
FN:1,(anonymous_0)
FN:23,(anonymous_1)
FNF:2
FNH:1
FNDA:8,(anonymous_0)
FNDA:0,(anonymous_1)
DA:1,22
DA:4,2
DA:6,2
DA:8,2
DA:12,2
DA:14,2
DA:21,2
DA:23,8
DA:24,0
DA:38,2
LF:10
LH:9
BRDA:1,0,0,4
BRDA:1,0,1,2
BRDA:1,1,0,2
BRF:3
BRH:3
end_of_record
TN:
SF:src/pages/NotFoundPage.tsx
FN:1,(anonymous_0)
FNF:1
FNH:1
FNDA:4,(anonymous_0)
DA:1,16
DA:2,2
DA:3,2
LF:3
LH:3
BRDA:1,0,0,4
BRDA:1,0,1,2
BRDA:1,1,0,2
BRF:3
BRH:3
end_of_record
